{
  "stats": {
    "suites": 1,
    "tests": 4,
    "passes": 3,
    "pending": 0,
    "failures": 1,
    "start": "2022-08-15T21:30:34.140Z",
    "end": "2022-08-15T21:30:50.526Z",
    "duration": 16386,
    "testsRegistered": 4,
    "passPercent": 75,
    "pendingPercent": 0,
    "other": 0,
    "hasOther": false,
    "skipped": 0,
    "hasSkipped": false
  },
  "results": [
    {
      "uuid": "184969f3-8616-4c3a-ae95-95cc0929c474",
      "title": "",
      "fullFile": "cypress\\e2e\\pom\\homeSauce.spec.js",
      "file": "cypress\\e2e\\pom\\homeSauce.spec.js",
      "beforeHooks": [],
      "afterHooks": [],
      "tests": [],
      "suites": [
        {
          "uuid": "1377c34e-ae6d-4299-b195-6b4cd83b1da6",
          "title": "POM Implementation",
          "fullFile": "",
          "file": "",
          "beforeHooks": [],
          "afterHooks": [],
          "tests": [
            {
              "title": "should login to inventory page",
              "fullTitle": "POM Implementation should login to inventory page",
              "timedOut": null,
              "duration": 7130,
              "state": "failed",
              "speed": null,
              "pass": false,
              "fail": true,
              "pending": false,
              "context": "{\n  \"title\": \"cypress-mochawesome-reporter-screenshots\",\n  \"value\": [\n    [\n      {\n        \"title\": \"Failed screenshot\",\n        \"value\": \"\\\\homeSauce.spec.js\\\\POM Implementation -- should login to inventory page (failed).png\"\n      }\n    ]\n  ]\n}",
              "code": "_homeSaucePage.default.typeUsername('standard_user');\n_homeSaucePage.default.typePassword('secret_sauce');\n_homeSaucePage.default.clickLogin();\n_inventoryPage.default.elements.titleSpan().should('have.text', 'Productss');",
              "err": {
                "message": "AssertionError: Timed out retrying after 4000ms: expected '<span.title>' to have text 'Productss', but the text was 'Products'",
                "estack": "AssertionError: Timed out retrying after 4000ms: expected '<span.title>' to have text 'Productss', but the text was 'Products'\n    at Context.eval (https://www.saucedemo.com/__cypress/tests?p=cypress\\e2e\\pom\\homeSauce.spec.js:159:49)",
                "diff": "- 'Products'\n+ 'Productss'\n"
              },
              "uuid": "2348f2ed-14f9-4c52-b518-7eba2001d961",
              "parentUUID": "1377c34e-ae6d-4299-b195-6b4cd83b1da6",
              "isHook": false,
              "skipped": false
            },
            {
              "title": "should display locked out message",
              "fullTitle": "POM Implementation should display locked out message",
              "timedOut": null,
              "duration": 1184,
              "state": "passed",
              "speed": "fast",
              "pass": true,
              "fail": false,
              "pending": false,
              "context": null,
              "code": "_homeSaucePage.default.typeUsername('locked_out_user');\n_homeSaucePage.default.typePassword('secret_sauce');\n_homeSaucePage.default.clickLogin();\n_homeSaucePage.default.elements.errorMessage().should('have.text', 'Epic sadface: Sorry, this user has been locked out.');",
              "err": {},
              "uuid": "01afabca-f019-4d89-9bfd-19c28cdb8891",
              "parentUUID": "1377c34e-ae6d-4299-b195-6b4cd83b1da6",
              "isHook": false,
              "skipped": false
            },
            {
              "title": "should display incorrect username message",
              "fullTitle": "POM Implementation should display incorrect username message",
              "timedOut": null,
              "duration": 1122,
              "state": "passed",
              "speed": "fast",
              "pass": true,
              "fail": false,
              "pending": false,
              "context": null,
              "code": "_homeSaucePage.default.typeUsername('dummyUsername');\n_homeSaucePage.default.typePassword('secret_sauce');\n_homeSaucePage.default.clickLogin();\n_homeSaucePage.default.elements.errorMessage().should('have.text', 'Epic sadface: Username and password do not match any user in this service');",
              "err": {},
              "uuid": "259b0f63-26fa-4803-802e-68da1a020f37",
              "parentUUID": "1377c34e-ae6d-4299-b195-6b4cd83b1da6",
              "isHook": false,
              "skipped": false
            },
            {
              "title": "should display incorrect password message",
              "fullTitle": "POM Implementation should display incorrect password message",
              "timedOut": null,
              "duration": 1148,
              "state": "passed",
              "speed": "fast",
              "pass": true,
              "fail": false,
              "pending": false,
              "context": null,
              "code": "_homeSaucePage.default.typeUsername('locked_out_user');\n_homeSaucePage.default.typePassword('dummyPassword');\n_homeSaucePage.default.clickLogin();\n_homeSaucePage.default.elements.errorMessage().should('have.text', 'Epic sadface: Username and password do not match any user in this service');",
              "err": {},
              "uuid": "adbad4f3-e699-40f2-893b-9f1125acd36f",
              "parentUUID": "1377c34e-ae6d-4299-b195-6b4cd83b1da6",
              "isHook": false,
              "skipped": false
            }
          ],
          "suites": [],
          "passes": [
            "01afabca-f019-4d89-9bfd-19c28cdb8891",
            "259b0f63-26fa-4803-802e-68da1a020f37",
            "adbad4f3-e699-40f2-893b-9f1125acd36f"
          ],
          "failures": [
            "2348f2ed-14f9-4c52-b518-7eba2001d961"
          ],
          "pending": [],
          "skipped": [],
          "duration": 10584,
          "root": false,
          "rootEmpty": false,
          "_timeout": 2000
        }
      ],
      "passes": [],
      "failures": [],
      "pending": [],
      "skipped": [],
      "duration": 0,
      "root": true,
      "rootEmpty": true,
      "_timeout": 2000
    }
  ],
  "meta": {
    "mocha": {
      "version": "7.0.1"
    },
    "mochawesome": {
      "options": {
        "quiet": false,
        "reportFilename": "mochawesome",
        "saveHtml": false,
        "saveJson": true,
        "consoleReporter": "spec",
        "useInlineDiffs": false,
        "code": true
      },
      "version": "7.1.3"
    },
    "marge": {
      "options": {
        "reportDir": "cypress\\report\\.jsons",
        "charts": true,
        "reportPageTitle": "Joan Media Demo Report",
        "embeddedScreenshots": true,
        "overwrite": false,
        "html": false,
        "json": true
      },
      "version": "6.2.0"
    }
  }
}